The sheet '70047-WPJ-AGGA01' is empty.
Device 'KRTUER01-ASR9K' does not have VRF 'A_CP_Digi' in its table.
Device '60005-ALORSETAR-AGGA01' does not have VRF 'A_CP_Digi' in its table.
Device '70030-KPG-AGGA01' does not have VRF 'A_CP_Digi' in its table.
Device '70047-WPJ-AGGA01' does not have VRF 'A_CP_Digi' in its table.
Device '66013-IPOH-AGGA01' does not have VRF 'A_CP_Digi' in its table.
Device '63009-SEBERANGJAYA-AGGA01' does not have VRF 'A_CP_Digi' in its table.
Device '43146-SKUDAI-AGGA01' does not have VRF 'A_CP_Digi' in its table.
Device '40012-MER-AGGA01' does not have VRF 'A_CP_Digi' in its table.
Device '43165-KMP-AGGA01' does not have VRF 'A_CP_Digi' in its table.
Device '56000-KBX-AGGA01' does not have VRF 'A_CP_Digi' in its table.
Device '50005-SMBU-AGGA01' does not have VRF 'A_CP_Digi' in its table.
Device 'BNTUER01-ASR9K' does not have VRF 'A_CP_Digi' in its table.
Device 'WPJUER01-ASR9K' does not have VRF 'A_CP_Digi' in its table.
Device 'SBUUER01-ASR9K' does not have VRF 'A_CP_Digi' in its table.
Device 'SDKUER01-ASR9K' does not have VRF 'A_CP_Digi' in its table.
Device 'KCHUER01-ASR9K' does not have VRF 'A_CP_Digi' in its table.
Device 'SKDUER01-ASR9K' does not have VRF 'A_CP_Digi' in its table.
Device 'SMBUER01-ASR9K' does not have VRF 'A_CP_Digi' in its table.
Device 'KBAUER01-ASR9K' does not have VRF 'A_CP_Digi' in its table.
Device 'SNWUER01-ASR9K' does not have VRF 'A_CP_Digi' in its table.
Device 'KMPUER01-ASR9K' does not have VRF 'A_CP_Digi' in its table.
Device 'IPHUER01-ASR9K' does not have VRF 'A_CP_Digi' in its table.
Device 'SJYUER01-ASR9K' does not have VRF 'A_CP_Digi' in its table.
Device 'ASRUER01-ASR9K' does not have VRF 'A_CP_Digi' in its table.
Device 'MRIUER01-ASR9K' does not have VRF 'A_CP_Digi' in its table.
Device 'INAUER01-ASR9K' does not have VRF 'A_CP_Digi' in its table.
Device 'TAWUER01-ASR9K' does not have VRF 'A_CP_Digi' in its table.
Device 'KRTUER01-ASR9K' does not have VRF 'E_A_CP' in its table.
Device 'KPGUER01-ASR9K' does not have VRF 'E_A_CP' in its table.
Device '60005-ALORSETAR-AGGA01' does not have VRF 'E_A_CP' in its table.
Device '70047-WPJ-AGGA01' does not have VRF 'E_A_CP' in its table.
Device '66013-IPOH-AGGA01' does not have VRF 'E_A_CP' in its table.
Device '63009-SEBERANGJAYA-AGGA01' does not have VRF 'E_A_CP' in its table.
Device '43146-SKUDAI-AGGA01' does not have VRF 'E_A_CP' in its table.
Device '40012-MER-AGGA01' does not have VRF 'E_A_CP' in its table.
Device '43165-KMP-AGGA01' does not have VRF 'E_A_CP' in its table.
Device '56000-KBX-AGGA01' does not have VRF 'E_A_CP' in its table.
Device 'BNTUER01-ASR9K' does not have VRF 'E_A_CP' in its table.
Device 'WPJUER01-ASR9K' does not have VRF 'E_A_CP' in its table.
Device 'SBUUER01-ASR9K' does not have VRF 'E_A_CP' in its table.
Device 'SDKUER01-ASR9K' does not have VRF 'E_A_CP' in its table.
Device 'SKDUER01-ASR9K' does not have VRF 'E_A_CP' in its table.
Device 'KBAUER01-ASR9K' does not have VRF 'E_A_CP' in its table.
Device 'SNWUER01-ASR9K' does not have VRF 'E_A_CP' in its table.
Device 'KMPUER01-ASR9K' does not have VRF 'E_A_CP' in its table.
Device 'IPHUER01-ASR9K' does not have VRF 'E_A_CP' in its table.
Device 'SJYUER01-ASR9K' does not have VRF 'E_A_CP' in its table.
Device 'ASRUER01-ASR9K' does not have VRF 'E_A_CP' in its table.
Device 'MRIUER01-ASR9K' does not have VRF 'E_A_CP' in its table.
Device 'TAWUER01-ASR9K' does not have VRF 'E_A_CP' in its table.
Device 'KPGUER01-ASR9K' does not have VRF 'E_Iu_CP' in its table.
Device '60005-ALORSETAR-AGGA01' does not have VRF 'E_Iu_CP' in its table.
Device '70047-WPJ-AGGA01' does not have VRF 'E_Iu_CP' in its table.
Device '66013-IPOH-AGGA01' does not have VRF 'E_Iu_CP' in its table.
Device '63009-SEBERANGJAYA-AGGA01' does not have VRF 'E_Iu_CP' in its table.
Device '43146-SKUDAI-AGGA01' does not have VRF 'E_Iu_CP' in its table.
Device '40012-MER-AGGA01' does not have VRF 'E_Iu_CP' in its table.
Device '43165-KMP-AGGA01' does not have VRF 'E_Iu_CP' in its table.
Device 'WPJUER01-ASR9K' does not have VRF 'E_Iu_CP' in its table.
Device 'SKDUER01-ASR9K' does not have VRF 'E_Iu_CP' in its table.
Device 'SNWUER01-ASR9K' does not have VRF 'E_Iu_CP' in its table.
Device 'KMPUER01-ASR9K' does not have VRF 'E_Iu_CP' in its table.
Device 'IPHUER01-ASR9K' does not have VRF 'E_Iu_CP' in its table.
Device 'SJYUER01-ASR9K' does not have VRF 'E_Iu_CP' in its table.
Device 'ASRUER01-ASR9K' does not have VRF 'E_Iu_CP' in its table.
Device 'KRTUER01-ASR9K' does not have VRF 'H_A_CP' in its table.
Device 'KPGUER01-ASR9K' does not have VRF 'H_A_CP' in its table.
Device '70047-WPJ-AGGA01' does not have VRF 'H_A_CP' in its table.
Device '56000-KBX-AGGA01' does not have VRF 'H_A_CP' in its table.
Device '50005-SMBU-AGGA01' does not have VRF 'H_A_CP' in its table.
Device 'BNTUER01-ASR9K' does not have VRF 'H_A_CP' in its table.
Device 'WPJUER01-ASR9K' does not have VRF 'H_A_CP' in its table.
Device 'SBUUER01-ASR9K' does not have VRF 'H_A_CP' in its table.
Device 'SDKUER01-ASR9K' does not have VRF 'H_A_CP' in its table.
Device 'KCHUER01-ASR9K' does not have VRF 'H_A_CP' in its table.
Device 'SMBUER01-ASR9K' does not have VRF 'H_A_CP' in its table.
Device 'KBAUER01-ASR9K' does not have VRF 'H_A_CP' in its table.
Device 'MRIUER01-ASR9K' does not have VRF 'H_A_CP' in its table.
Device 'INAUER01-ASR9K' does not have VRF 'H_A_CP' in its table.
Device 'TAWUER01-ASR9K' does not have VRF 'H_A_CP' in its table.
Device 'KRTUER01-ASR9K' does not have VRF 'H_A_UP' in its table.
Device 'KPGUER01-ASR9K' does not have VRF 'H_A_UP' in its table.
Device '60005-ALORSETAR-AGGA01' does not have VRF 'H_A_UP' in its table.
Device '70047-WPJ-AGGA01' does not have VRF 'H_A_UP' in its table.
Device '66013-IPOH-AGGA01' does not have VRF 'H_A_UP' in its table.
Device '63009-SEBERANGJAYA-AGGA01' does not have VRF 'H_A_UP' in its table.
Device '43146-SKUDAI-AGGA01' does not have VRF 'H_A_UP' in its table.
Device '40012-MER-AGGA01' does not have VRF 'H_A_UP' in its table.
Device '43165-KMP-AGGA01' does not have VRF 'H_A_UP' in its table.
Device '56000-KBX-AGGA01' does not have VRF 'H_A_UP' in its table.
Device '50005-SMBU-AGGA01' does not have VRF 'H_A_UP' in its table.
Device 'BNTUER01-ASR9K' does not have VRF 'H_A_UP' in its table.
Device 'WPJUER01-ASR9K' does not have VRF 'H_A_UP' in its table.
Device 'SBUUER01-ASR9K' does not have VRF 'H_A_UP' in its table.
Device 'SDKUER01-ASR9K' does not have VRF 'H_A_UP' in its table.
Device 'KCHUER01-ASR9K' does not have VRF 'H_A_UP' in its table.
Device 'SKDUER01-ASR9K' does not have VRF 'H_A_UP' in its table.
Device 'SMBUER01-ASR9K' does not have VRF 'H_A_UP' in its table.
Device 'KBAUER01-ASR9K' does not have VRF 'H_A_UP' in its table.
Device 'SNWUER01-ASR9K' does not have VRF 'H_A_UP' in its table.
Device 'KMPUER01-ASR9K' does not have VRF 'H_A_UP' in its table.
Device 'IPHUER01-ASR9K' does not have VRF 'H_A_UP' in its table.
Device 'SJYUER01-ASR9K' does not have VRF 'H_A_UP' in its table.
Device 'ASRUER01-ASR9K' does not have VRF 'H_A_UP' in its table.
Device 'MRIUER01-ASR9K' does not have VRF 'H_A_UP' in its table.
Device 'INAUER01-ASR9K' does not have VRF 'H_A_UP' in its table.
Device 'TAWUER01-ASR9K' does not have VRF 'H_A_UP' in its table.
Device 'KRTUER01-ASR9K' does not have VRF 'H_IuCS_CP' in its table.
Device 'KPGUER01-ASR9K' does not have VRF 'H_IuCS_CP' in its table.
Device '70047-WPJ-AGGA01' does not have VRF 'H_IuCS_CP' in its table.
Device '56000-KBX-AGGA01' does not have VRF 'H_IuCS_CP' in its table.
Device '50005-SMBU-AGGA01' does not have VRF 'H_IuCS_CP' in its table.
Device 'BNTUER01-ASR9K' does not have VRF 'H_IuCS_CP' in its table.
Device 'WPJUER01-ASR9K' does not have VRF 'H_IuCS_CP' in its table.
Device 'SBUUER01-ASR9K' does not have VRF 'H_IuCS_CP' in its table.
Device 'SDKUER01-ASR9K' does not have VRF 'H_IuCS_CP' in its table.
Device 'KCHUER01-ASR9K' does not have VRF 'H_IuCS_CP' in its table.
Device 'SKDUER01-ASR9K' does not have VRF 'H_IuCS_CP' in its table.
Device 'SMBUER01-ASR9K' does not have VRF 'H_IuCS_CP' in its table.
Device 'KBAUER01-ASR9K' does not have VRF 'H_IuCS_CP' in its table.
Device 'SNWUER01-ASR9K' does not have VRF 'H_IuCS_CP' in its table.
Device 'KMPUER01-ASR9K' does not have VRF 'H_IuCS_CP' in its table.
Device 'IPHUER01-ASR9K' does not have VRF 'H_IuCS_CP' in its table.
Device 'SJYUER01-ASR9K' does not have VRF 'H_IuCS_CP' in its table.
Device 'ASRUER01-ASR9K' does not have VRF 'H_IuCS_CP' in its table.
Device 'MRIUER01-ASR9K' does not have VRF 'H_IuCS_CP' in its table.
Device 'INAUER01-ASR9K' does not have VRF 'H_IuCS_CP' in its table.
Device 'TAWUER01-ASR9K' does not have VRF 'H_IuCS_CP' in its table.
Device 'KRTUER01-ASR9K' does not have VRF 'H_IuoIP' in its table.
Device 'KPGUER01-ASR9K' does not have VRF 'H_IuoIP' in its table.
Device '60005-ALORSETAR-AGGA01' does not have VRF 'H_IuoIP' in its table.
Device '70047-WPJ-AGGA01' does not have VRF 'H_IuoIP' in its table.
Device '63009-SEBERANGJAYA-AGGA01' does not have VRF 'H_IuoIP' in its table.
Device '40012-MER-AGGA01' does not have VRF 'H_IuoIP' in its table.
Device '43165-KMP-AGGA01' does not have VRF 'H_IuoIP' in its table.
Device '56000-KBX-AGGA01' does not have VRF 'H_IuoIP' in its table.
Device '50005-SMBU-AGGA01' does not have VRF 'H_IuoIP' in its table.
Device 'BNTUER01-ASR9K' does not have VRF 'H_IuoIP' in its table.
Device 'WPJUER01-ASR9K' does not have VRF 'H_IuoIP' in its table.
Device 'SBUUER01-ASR9K' does not have VRF 'H_IuoIP' in its table.
Device 'SDKUER01-ASR9K' does not have VRF 'H_IuoIP' in its table.
Device 'KCHUER01-ASR9K' does not have VRF 'H_IuoIP' in its table.
Device 'SKDUER01-ASR9K' does not have VRF 'H_IuoIP' in its table.
Device 'SMBUER01-ASR9K' does not have VRF 'H_IuoIP' in its table.
Device 'KBAUER01-ASR9K' does not have VRF 'H_IuoIP' in its table.
Device 'SNWUER01-ASR9K' does not have VRF 'H_IuoIP' in its table.
Device 'KMPUER01-ASR9K' does not have VRF 'H_IuoIP' in its table.
Device 'IPHUER01-ASR9K' does not have VRF 'H_IuoIP' in its table.
Device 'SJYUER01-ASR9K' does not have VRF 'H_IuoIP' in its table.
Device 'ASRUER01-ASR9K' does not have VRF 'H_IuoIP' in its table.
Device 'MRIUER01-ASR9K' does not have VRF 'H_IuoIP' in its table.
Device 'INAUER01-ASR9K' does not have VRF 'H_IuoIP' in its table.
Device 'TAWUER01-ASR9K' does not have VRF 'H_IuoIP' in its table.
Device 'KRTUER01-ASR9K' does not have VRF 'MORAN_A_CP' in its table.
Device 'KPGUER01-ASR9K' does not have VRF 'MORAN_A_CP' in its table.
Device '60005-ALORSETAR-AGGA01' does not have VRF 'MORAN_A_CP' in its table.
Device '70030-KPG-AGGA01' does not have VRF 'MORAN_A_CP' in its table.
Device '70047-WPJ-AGGA01' does not have VRF 'MORAN_A_CP' in its table.
Device '66013-IPOH-AGGA01' does not have VRF 'MORAN_A_CP' in its table.
Device '63009-SEBERANGJAYA-AGGA01' does not have VRF 'MORAN_A_CP' in its table.
Device '43146-SKUDAI-AGGA01' does not have VRF 'MORAN_A_CP' in its table.
Device '40012-MER-AGGA01' does not have VRF 'MORAN_A_CP' in its table.
Device '43165-KMP-AGGA01' does not have VRF 'MORAN_A_CP' in its table.
Device '56000-KBX-AGGA01' does not have VRF 'MORAN_A_CP' in its table.
Device '50005-SMBU-AGGA01' does not have VRF 'MORAN_A_CP' in its table.
Device 'BNTUER01-ASR9K' does not have VRF 'MORAN_A_CP' in its table.
Device 'WPJUER01-ASR9K' does not have VRF 'MORAN_A_CP' in its table.
Device 'SBUUER01-ASR9K' does not have VRF 'MORAN_A_CP' in its table.
Device 'SDKUER01-ASR9K' does not have VRF 'MORAN_A_CP' in its table.
Device 'SKDUER01-ASR9K' does not have VRF 'MORAN_A_CP' in its table.
Device 'SMBUER01-ASR9K' does not have VRF 'MORAN_A_CP' in its table.
Device 'KBAUER01-ASR9K' does not have VRF 'MORAN_A_CP' in its table.
Device 'SNWUER01-ASR9K' does not have VRF 'MORAN_A_CP' in its table.
Device 'KMPUER01-ASR9K' does not have VRF 'MORAN_A_CP' in its table.
Device 'IPHUER01-ASR9K' does not have VRF 'MORAN_A_CP' in its table.
Device 'SJYUER01-ASR9K' does not have VRF 'MORAN_A_CP' in its table.
Device 'ASRUER01-ASR9K' does not have VRF 'MORAN_A_CP' in its table.
Device 'MRIUER01-ASR9K' does not have VRF 'MORAN_A_CP' in its table.
Device 'TAWUER01-ASR9K' does not have VRF 'MORAN_A_CP' in its table.
Device 'KRTUER01-ASR9K' does not have VRF 'P1_Sigtran' in its table.
Device '60005-ALORSETAR-AGGA01' does not have VRF 'P1_Sigtran' in its table.
Device '70030-KPG-AGGA01' does not have VRF 'P1_Sigtran' in its table.
Device '70047-WPJ-AGGA01' does not have VRF 'P1_Sigtran' in its table.
Device '66013-IPOH-AGGA01' does not have VRF 'P1_Sigtran' in its table.
Device '63009-SEBERANGJAYA-AGGA01' does not have VRF 'P1_Sigtran' in its table.
Device '43146-SKUDAI-AGGA01' does not have VRF 'P1_Sigtran' in its table.
Device '40012-MER-AGGA01' does not have VRF 'P1_Sigtran' in its table.
Device '43165-KMP-AGGA01' does not have VRF 'P1_Sigtran' in its table.
Device '56000-KBX-AGGA01' does not have VRF 'P1_Sigtran' in its table.
Device '50005-SMBU-AGGA01' does not have VRF 'P1_Sigtran' in its table.
Device 'BNTUER01-ASR9K' does not have VRF 'P1_Sigtran' in its table.
Device 'SBUUER01-ASR9K' does not have VRF 'P1_Sigtran' in its table.
Device 'SDKUER01-ASR9K' does not have VRF 'P1_Sigtran' in its table.
Device 'KCHUER01-ASR9K' does not have VRF 'P1_Sigtran' in its table.
Device 'SKDUER01-ASR9K' does not have VRF 'P1_Sigtran' in its table.
Device 'SMBUER01-ASR9K' does not have VRF 'P1_Sigtran' in its table.
Device 'KBAUER01-ASR9K' does not have VRF 'P1_Sigtran' in its table.
Device 'SNWUER01-ASR9K' does not have VRF 'P1_Sigtran' in its table.
Device 'KMPUER01-ASR9K' does not have VRF 'P1_Sigtran' in its table.
Device 'IPHUER01-ASR9K' does not have VRF 'P1_Sigtran' in its table.
Device 'SJYUER01-ASR9K' does not have VRF 'P1_Sigtran' in its table.
Device 'ASRUER01-ASR9K' does not have VRF 'P1_Sigtran' in its table.
Device 'MRIUER01-ASR9K' does not have VRF 'P1_Sigtran' in its table.
Device 'INAUER01-ASR9K' does not have VRF 'P1_Sigtran' in its table.
Device 'TAWUER01-ASR9K' does not have VRF 'P1_Sigtran' in its table.
Device '60005-ALORSETAR-AGGA01' does not have VRF 'SIGTRAN' in its table.
Device '70030-KPG-AGGA01' does not have VRF 'SIGTRAN' in its table.
Device '70047-WPJ-AGGA01' does not have VRF 'SIGTRAN' in its table.
Device '66013-IPOH-AGGA01' does not have VRF 'SIGTRAN' in its table.
Device '63009-SEBERANGJAYA-AGGA01' does not have VRF 'SIGTRAN' in its table.
Device '43146-SKUDAI-AGGA01' does not have VRF 'SIGTRAN' in its table.
Device '40012-MER-AGGA01' does not have VRF 'SIGTRAN' in its table.
Device '43165-KMP-AGGA01' does not have VRF 'SIGTRAN' in its table.
Device '56000-KBX-AGGA01' does not have VRF 'SIGTRAN' in its table.
Device '50005-SMBU-AGGA01' does not have VRF 'SIGTRAN' in its table.
Device 'BNTUER01-ASR9K' does not have VRF 'SIGTRAN' in its table.
Device 'SBUUER01-ASR9K' does not have VRF 'SIGTRAN' in its table.
Device 'SDKUER01-ASR9K' does not have VRF 'SIGTRAN' in its table.
Device 'SNWUER01-ASR9K' does not have VRF 'SIGTRAN' in its table.
Device 'KMPUER01-ASR9K' does not have VRF 'SIGTRAN' in its table.
Device 'IPHUER01-ASR9K' does not have VRF 'SIGTRAN' in its table.
Device 'KRTUER01-ASR9K' does not have VRF 'maxis_A' in its table.
Device 'KPGUER01-ASR9K' does not have VRF 'maxis_A' in its table.
Device '60005-ALORSETAR-AGGA01' does not have VRF 'maxis_A' in its table.
Device '70030-KPG-AGGA01' does not have VRF 'maxis_A' in its table.
Device '70047-WPJ-AGGA01' does not have VRF 'maxis_A' in its table.
Device '66013-IPOH-AGGA01' does not have VRF 'maxis_A' in its table.
Device '63009-SEBERANGJAYA-AGGA01' does not have VRF 'maxis_A' in its table.
Device '43146-SKUDAI-AGGA01' does not have VRF 'maxis_A' in its table.
Device '40012-MER-AGGA01' does not have VRF 'maxis_A' in its table.
Device '43165-KMP-AGGA01' does not have VRF 'maxis_A' in its table.
Device '56000-KBX-AGGA01' does not have VRF 'maxis_A' in its table.
Device '50005-SMBU-AGGA01' does not have VRF 'maxis_A' in its table.
Device 'BNTUER01-ASR9K' does not have VRF 'maxis_A' in its table.
Device 'SBUUER01-ASR9K' does not have VRF 'maxis_A' in its table.
Device 'SDKUER01-ASR9K' does not have VRF 'maxis_A' in its table.
Device 'KCHUER01-ASR9K' does not have VRF 'maxis_A' in its table.
Device 'SKDUER01-ASR9K' does not have VRF 'maxis_A' in its table.
Device 'SMBUER01-ASR9K' does not have VRF 'maxis_A' in its table.
Device 'KBAUER01-ASR9K' does not have VRF 'maxis_A' in its table.
Device 'SNWUER01-ASR9K' does not have VRF 'maxis_A' in its table.
Device 'KMPUER01-ASR9K' does not have VRF 'maxis_A' in its table.
Device 'IPHUER01-ASR9K' does not have VRF 'maxis_A' in its table.
Device 'SJYUER01-ASR9K' does not have VRF 'maxis_A' in its table.
Device 'ASRUER01-ASR9K' does not have VRF 'maxis_A' in its table.
Device 'MRIUER01-ASR9K' does not have VRF 'maxis_A' in its table.
Device 'INAUER01-ASR9K' does not have VRF 'maxis_A' in its table.
Device 'TAWUER01-ASR9K' does not have VRF 'maxis_A' in its table.
Device 'KRTUER01-ASR9K' does not have VRF 'maxis_A_CP' in its table.
Device 'KPGUER01-ASR9K' does not have VRF 'maxis_A_CP' in its table.
Device '60005-ALORSETAR-AGGA01' does not have VRF 'maxis_A_CP' in its table.
Device '70030-KPG-AGGA01' does not have VRF 'maxis_A_CP' in its table.
Device '70047-WPJ-AGGA01' does not have VRF 'maxis_A_CP' in its table.
Device '66013-IPOH-AGGA01' does not have VRF 'maxis_A_CP' in its table.
Device '63009-SEBERANGJAYA-AGGA01' does not have VRF 'maxis_A_CP' in its table.
Device '43146-SKUDAI-AGGA01' does not have VRF 'maxis_A_CP' in its table.
Device '40012-MER-AGGA01' does not have VRF 'maxis_A_CP' in its table.
Device '43165-KMP-AGGA01' does not have VRF 'maxis_A_CP' in its table.
Device '56000-KBX-AGGA01' does not have VRF 'maxis_A_CP' in its table.
Device '50005-SMBU-AGGA01' does not have VRF 'maxis_A_CP' in its table.
Device 'BNTUER01-ASR9K' does not have VRF 'maxis_A_CP' in its table.
Device 'SBUUER01-ASR9K' does not have VRF 'maxis_A_CP' in its table.
Device 'SDKUER01-ASR9K' does not have VRF 'maxis_A_CP' in its table.
Device 'KCHUER01-ASR9K' does not have VRF 'maxis_A_CP' in its table.
Device 'SKDUER01-ASR9K' does not have VRF 'maxis_A_CP' in its table.
Device 'SMBUER01-ASR9K' does not have VRF 'maxis_A_CP' in its table.
Device 'KBAUER01-ASR9K' does not have VRF 'maxis_A_CP' in its table.
Device 'SNWUER01-ASR9K' does not have VRF 'maxis_A_CP' in its table.
Device 'KMPUER01-ASR9K' does not have VRF 'maxis_A_CP' in its table.
Device 'IPHUER01-ASR9K' does not have VRF 'maxis_A_CP' in its table.
Device 'SJYUER01-ASR9K' does not have VRF 'maxis_A_CP' in its table.
Device 'ASRUER01-ASR9K' does not have VRF 'maxis_A_CP' in its table.
Device 'MRIUER01-ASR9K' does not have VRF 'maxis_A_CP' in its table.
Device 'INAUER01-ASR9K' does not have VRF 'maxis_A_CP' in its table.
Device 'TAWUER01-ASR9K' does not have VRF 'maxis_A_CP' in its table.
Device 'KRTUER01-ASR9K' does not have VRF 'maxis_IuCS_CP' in its table.
Device 'KPGUER01-ASR9K' does not have VRF 'maxis_IuCS_CP' in its table.
Device '60005-ALORSETAR-AGGA01' does not have VRF 'maxis_IuCS_CP' in its table.
Device '70030-KPG-AGGA01' does not have VRF 'maxis_IuCS_CP' in its table.
Device '70047-WPJ-AGGA01' does not have VRF 'maxis_IuCS_CP' in its table.
Device '66013-IPOH-AGGA01' does not have VRF 'maxis_IuCS_CP' in its table.
Device '63009-SEBERANGJAYA-AGGA01' does not have VRF 'maxis_IuCS_CP' in its table.
Device '43146-SKUDAI-AGGA01' does not have VRF 'maxis_IuCS_CP' in its table.
Device '40012-MER-AGGA01' does not have VRF 'maxis_IuCS_CP' in its table.
Device '43165-KMP-AGGA01' does not have VRF 'maxis_IuCS_CP' in its table.
Device '56000-KBX-AGGA01' does not have VRF 'maxis_IuCS_CP' in its table.
Device '50005-SMBU-AGGA01' does not have VRF 'maxis_IuCS_CP' in its table.
Device 'BNTUER01-ASR9K' does not have VRF 'maxis_IuCS_CP' in its table.
Device 'SBUUER01-ASR9K' does not have VRF 'maxis_IuCS_CP' in its table.
Device 'SDKUER01-ASR9K' does not have VRF 'maxis_IuCS_CP' in its table.
Device 'KCHUER01-ASR9K' does not have VRF 'maxis_IuCS_CP' in its table.
Device 'SKDUER01-ASR9K' does not have VRF 'maxis_IuCS_CP' in its table.
Device 'SMBUER01-ASR9K' does not have VRF 'maxis_IuCS_CP' in its table.
Device 'KBAUER01-ASR9K' does not have VRF 'maxis_IuCS_CP' in its table.
Device 'SNWUER01-ASR9K' does not have VRF 'maxis_IuCS_CP' in its table.
Device 'KMPUER01-ASR9K' does not have VRF 'maxis_IuCS_CP' in its table.
Device 'IPHUER01-ASR9K' does not have VRF 'maxis_IuCS_CP' in its table.
Device 'SJYUER01-ASR9K' does not have VRF 'maxis_IuCS_CP' in its table.
Device 'ASRUER01-ASR9K' does not have VRF 'maxis_IuCS_CP' in its table.
Device 'MRIUER01-ASR9K' does not have VRF 'maxis_IuCS_CP' in its table.
Device 'INAUER01-ASR9K' does not have VRF 'maxis_IuCS_CP' in its table.
Device 'TAWUER01-ASR9K' does not have VRF 'maxis_IuCS_CP' in its table.
Device 'KRTUER01-ASR9K' does not have VRF 'maxis_MC_ACP' in its table.
Device '60005-ALORSETAR-AGGA01' does not have VRF 'maxis_MC_ACP' in its table.
Device '70030-KPG-AGGA01' does not have VRF 'maxis_MC_ACP' in its table.
Device '70047-WPJ-AGGA01' does not have VRF 'maxis_MC_ACP' in its table.
Device '43146-SKUDAI-AGGA01' does not have VRF 'maxis_MC_ACP' in its table.
Device '43165-KMP-AGGA01' does not have VRF 'maxis_MC_ACP' in its table.
Device '56000-KBX-AGGA01' does not have VRF 'maxis_MC_ACP' in its table.
Device '50005-SMBU-AGGA01' does not have VRF 'maxis_MC_ACP' in its table.
Device 'BNTUER01-ASR9K' does not have VRF 'maxis_MC_ACP' in its table.
Device 'SBUUER01-ASR9K' does not have VRF 'maxis_MC_ACP' in its table.
Device 'SDKUER01-ASR9K' does not have VRF 'maxis_MC_ACP' in its table.
Device 'KBAUER01-ASR9K' does not have VRF 'maxis_MC_ACP' in its table.
Device 'SNWUER01-ASR9K' does not have VRF 'maxis_MC_ACP' in its table.
Device 'KMPUER01-ASR9K' does not have VRF 'maxis_MC_ACP' in its table.
Device 'IPHUER01-ASR9K' does not have VRF 'maxis_MC_ACP' in its table.
Device 'SJYUER01-ASR9K' does not have VRF 'maxis_MC_ACP' in its table.
Device 'ASRUER01-ASR9K' does not have VRF 'maxis_MC_ACP' in its table.
Device 'MRIUER01-ASR9K' does not have VRF 'maxis_MC_ACP' in its table.
Device 'TAWUER01-ASR9K' does not have VRF 'maxis_MC_ACP' in its table.

VRF: A_CP_Digi, Overall Most Common Route-Target: 65535:11250
Sheet: KRTUER01-ASR9K does not have a common Route-Target for VRF: A_CP_Digi
Sheet: KPGUER01-ASR9K, Most Common Route-Target: 65535:11250 (MATCH)
Sheet: 60005-ALORSETAR-AGGA01 does not have a common Route-Target for VRF: A_CP_Digi
Sheet: 70030-KPG-AGGA01 does not have a common Route-Target for VRF: A_CP_Digi
Sheet: 70047-WPJ-AGGA01 does not have a common Route-Target for VRF: A_CP_Digi
Sheet: 66013-IPOH-AGGA01 does not have a common Route-Target for VRF: A_CP_Digi
Sheet: 63009-SEBERANGJAYA-AGGA01 does not have a common Route-Target for VRF: A_CP_Digi
Sheet: 43146-SKUDAI-AGGA01 does not have a common Route-Target for VRF: A_CP_Digi
Sheet: 40012-MER-AGGA01 does not have a common Route-Target for VRF: A_CP_Digi
Sheet: 43165-KMP-AGGA01 does not have a common Route-Target for VRF: A_CP_Digi
Sheet: 56000-KBX-AGGA01 does not have a common Route-Target for VRF: A_CP_Digi
Sheet: 50005-SMBU-AGGA01 does not have a common Route-Target for VRF: A_CP_Digi
Sheet: BNTUER01-ASR9K does not have a common Route-Target for VRF: A_CP_Digi
Sheet: WPJUER01-ASR9K does not have a common Route-Target for VRF: A_CP_Digi
Sheet: SBUUER01-ASR9K does not have a common Route-Target for VRF: A_CP_Digi
Sheet: SDKUER01-ASR9K does not have a common Route-Target for VRF: A_CP_Digi
Sheet: KCHUER01-ASR9K does not have a common Route-Target for VRF: A_CP_Digi
Sheet: SKDUER01-ASR9K does not have a common Route-Target for VRF: A_CP_Digi
Sheet: SMBUER01-ASR9K does not have a common Route-Target for VRF: A_CP_Digi
Sheet: KBAUER01-ASR9K does not have a common Route-Target for VRF: A_CP_Digi
Sheet: SNWUER01-ASR9K does not have a common Route-Target for VRF: A_CP_Digi
Sheet: KMPUER01-ASR9K does not have a common Route-Target for VRF: A_CP_Digi
Sheet: IPHUER01-ASR9K does not have a common Route-Target for VRF: A_CP_Digi
Sheet: SJYUER01-ASR9K does not have a common Route-Target for VRF: A_CP_Digi
Sheet: ASRUER01-ASR9K does not have a common Route-Target for VRF: A_CP_Digi
Sheet: MRIUER01-ASR9K does not have a common Route-Target for VRF: A_CP_Digi
Sheet: INAUER01-ASR9K does not have a common Route-Target for VRF: A_CP_Digi
Sheet: TAWUER01-ASR9K does not have a common Route-Target for VRF: A_CP_Digi

VRF: E_A_CP, Overall Most Common Route-Target: 65535:60902
Sheet: KRTUER01-ASR9K does not have a common Route-Target for VRF: E_A_CP
Sheet: KPGUER01-ASR9K does not have a common Route-Target for VRF: E_A_CP
Sheet: 60005-ALORSETAR-AGGA01 does not have a common Route-Target for VRF: E_A_CP
Sheet: 70030-KPG-AGGA01, Most Common Route-Target: 65092:66362 (DIFFERENT)
Sheet: 70047-WPJ-AGGA01 does not have a common Route-Target for VRF: E_A_CP
Sheet: 66013-IPOH-AGGA01 does not have a common Route-Target for VRF: E_A_CP
Sheet: 63009-SEBERANGJAYA-AGGA01 does not have a common Route-Target for VRF: E_A_CP
Sheet: 43146-SKUDAI-AGGA01 does not have a common Route-Target for VRF: E_A_CP
Sheet: 40012-MER-AGGA01 does not have a common Route-Target for VRF: E_A_CP
Sheet: 43165-KMP-AGGA01 does not have a common Route-Target for VRF: E_A_CP
Sheet: 56000-KBX-AGGA01 does not have a common Route-Target for VRF: E_A_CP
Sheet: 50005-SMBU-AGGA01, Most Common Route-Target: 65094:66362 (DIFFERENT)
Sheet: BNTUER01-ASR9K does not have a common Route-Target for VRF: E_A_CP
Sheet: WPJUER01-ASR9K does not have a common Route-Target for VRF: E_A_CP
Sheet: SBUUER01-ASR9K does not have a common Route-Target for VRF: E_A_CP
Sheet: SDKUER01-ASR9K does not have a common Route-Target for VRF: E_A_CP
Sheet: KCHUER01-ASR9K, Most Common Route-Target: 65092:66362 (DIFFERENT)
Sheet: SKDUER01-ASR9K does not have a common Route-Target for VRF: E_A_CP
Sheet: SMBUER01-ASR9K, Most Common Route-Target: 65535:60902 (MATCH)
Sheet: KBAUER01-ASR9K does not have a common Route-Target for VRF: E_A_CP
Sheet: SNWUER01-ASR9K does not have a common Route-Target for VRF: E_A_CP
Sheet: KMPUER01-ASR9K does not have a common Route-Target for VRF: E_A_CP
Sheet: IPHUER01-ASR9K does not have a common Route-Target for VRF: E_A_CP
Sheet: SJYUER01-ASR9K does not have a common Route-Target for VRF: E_A_CP
Sheet: ASRUER01-ASR9K does not have a common Route-Target for VRF: E_A_CP
Sheet: MRIUER01-ASR9K does not have a common Route-Target for VRF: E_A_CP
Sheet: INAUER01-ASR9K, Most Common Route-Target: 65092:66362 (DIFFERENT)
Sheet: TAWUER01-ASR9K does not have a common Route-Target for VRF: E_A_CP

VRF: E_Iu_CP, Overall Most Common Route-Target: 65535:60280
Sheet: KRTUER01-ASR9K, Most Common Route-Target: 65535:60280 (MATCH)
Sheet: KPGUER01-ASR9K does not have a common Route-Target for VRF: E_Iu_CP
Sheet: 60005-ALORSETAR-AGGA01 does not have a common Route-Target for VRF: E_Iu_CP
Sheet: 70030-KPG-AGGA01, Most Common Route-Target: 65535:60280 (MATCH)
Sheet: 70047-WPJ-AGGA01 does not have a common Route-Target for VRF: E_Iu_CP
Sheet: 66013-IPOH-AGGA01 does not have a common Route-Target for VRF: E_Iu_CP
Sheet: 63009-SEBERANGJAYA-AGGA01 does not have a common Route-Target for VRF: E_Iu_CP
Sheet: 43146-SKUDAI-AGGA01 does not have a common Route-Target for VRF: E_Iu_CP
Sheet: 40012-MER-AGGA01 does not have a common Route-Target for VRF: E_Iu_CP
Sheet: 43165-KMP-AGGA01 does not have a common Route-Target for VRF: E_Iu_CP
Sheet: 56000-KBX-AGGA01, Most Common Route-Target: 65535:60280 (MATCH)
Sheet: 50005-SMBU-AGGA01, Most Common Route-Target: 65535:60280 (MATCH)
Sheet: BNTUER01-ASR9K, Most Common Route-Target: 65535:60280 (MATCH)
Sheet: WPJUER01-ASR9K does not have a common Route-Target for VRF: E_Iu_CP
Sheet: SBUUER01-ASR9K, Most Common Route-Target: 65535:60280 (MATCH)
Sheet: SDKUER01-ASR9K, Most Common Route-Target: 65535:60280 (MATCH)
Sheet: KCHUER01-ASR9K, Most Common Route-Target: 65535:60280 (MATCH)
Sheet: SKDUER01-ASR9K does not have a common Route-Target for VRF: E_Iu_CP
Sheet: SMBUER01-ASR9K, Most Common Route-Target: 65535:60280 (MATCH)
Sheet: KBAUER01-ASR9K, Most Common Route-Target: 65535:60280 (MATCH)
Sheet: SNWUER01-ASR9K does not have a common Route-Target for VRF: E_Iu_CP
Sheet: KMPUER01-ASR9K does not have a common Route-Target for VRF: E_Iu_CP
Sheet: IPHUER01-ASR9K does not have a common Route-Target for VRF: E_Iu_CP
Sheet: SJYUER01-ASR9K does not have a common Route-Target for VRF: E_Iu_CP
Sheet: ASRUER01-ASR9K does not have a common Route-Target for VRF: E_Iu_CP
Sheet: MRIUER01-ASR9K, Most Common Route-Target: 65535:60280 (MATCH)
Sheet: INAUER01-ASR9K, Most Common Route-Target: 65535:60280 (MATCH)
Sheet: TAWUER01-ASR9K, Most Common Route-Target: 65535:60280 (MATCH)

VRF: H_A_CP, Overall Most Common Route-Target: 65535:60900
Sheet: KRTUER01-ASR9K does not have a common Route-Target for VRF: H_A_CP
Sheet: KPGUER01-ASR9K does not have a common Route-Target for VRF: H_A_CP
Sheet: 60005-ALORSETAR-AGGA01, Most Common Route-Target: 65535:60900 (MATCH)
Sheet: 70030-KPG-AGGA01, Most Common Route-Target: 65092:66362 (DIFFERENT)
Sheet: 70047-WPJ-AGGA01 does not have a common Route-Target for VRF: H_A_CP
Sheet: 66013-IPOH-AGGA01, Most Common Route-Target: 65095:66362 (DIFFERENT)
Sheet: 63009-SEBERANGJAYA-AGGA01, Most Common Route-Target: 65095:66362 (DIFFERENT)
Sheet: 43146-SKUDAI-AGGA01, Most Common Route-Target: 65093:66362 (DIFFERENT)
Sheet: 40012-MER-AGGA01, Most Common Route-Target: 65093:66362 (DIFFERENT)
Sheet: 43165-KMP-AGGA01, Most Common Route-Target: 65535:60900 (MATCH)
Sheet: 56000-KBX-AGGA01 does not have a common Route-Target for VRF: H_A_CP
Sheet: 50005-SMBU-AGGA01 does not have a common Route-Target for VRF: H_A_CP
Sheet: BNTUER01-ASR9K does not have a common Route-Target for VRF: H_A_CP
Sheet: WPJUER01-ASR9K does not have a common Route-Target for VRF: H_A_CP
Sheet: SBUUER01-ASR9K does not have a common Route-Target for VRF: H_A_CP
Sheet: SDKUER01-ASR9K does not have a common Route-Target for VRF: H_A_CP
Sheet: KCHUER01-ASR9K does not have a common Route-Target for VRF: H_A_CP
Sheet: SKDUER01-ASR9K, Most Common Route-Target: 65535:60900 (MATCH)
Sheet: SMBUER01-ASR9K does not have a common Route-Target for VRF: H_A_CP
Sheet: KBAUER01-ASR9K does not have a common Route-Target for VRF: H_A_CP
Sheet: SNWUER01-ASR9K, Most Common Route-Target: 65535:11250 (DIFFERENT)
Sheet: KMPUER01-ASR9K, Most Common Route-Target: 65535:60900 (MATCH)
Sheet: IPHUER01-ASR9K, Most Common Route-Target: 65535:60900 (MATCH)
Sheet: SJYUER01-ASR9K, Most Common Route-Target: 65535:60900 (MATCH)
Sheet: ASRUER01-ASR9K, Most Common Route-Target: 65535:60900 (MATCH)
Sheet: MRIUER01-ASR9K does not have a common Route-Target for VRF: H_A_CP
Sheet: INAUER01-ASR9K does not have a common Route-Target for VRF: H_A_CP
Sheet: TAWUER01-ASR9K does not have a common Route-Target for VRF: H_A_CP

VRF: H_A_UP, Overall Most Common Route-Target: 65092:66382
Sheet: KRTUER01-ASR9K does not have a common Route-Target for VRF: H_A_UP
Sheet: KPGUER01-ASR9K does not have a common Route-Target for VRF: H_A_UP
Sheet: 60005-ALORSETAR-AGGA01 does not have a common Route-Target for VRF: H_A_UP
Sheet: 70030-KPG-AGGA01, Most Common Route-Target: 65092:66382 (MATCH)
Sheet: 70047-WPJ-AGGA01 does not have a common Route-Target for VRF: H_A_UP
Sheet: 66013-IPOH-AGGA01 does not have a common Route-Target for VRF: H_A_UP
Sheet: 63009-SEBERANGJAYA-AGGA01 does not have a common Route-Target for VRF: H_A_UP
Sheet: 43146-SKUDAI-AGGA01 does not have a common Route-Target for VRF: H_A_UP
Sheet: 40012-MER-AGGA01 does not have a common Route-Target for VRF: H_A_UP
Sheet: 43165-KMP-AGGA01 does not have a common Route-Target for VRF: H_A_UP
Sheet: 56000-KBX-AGGA01 does not have a common Route-Target for VRF: H_A_UP
Sheet: 50005-SMBU-AGGA01 does not have a common Route-Target for VRF: H_A_UP
Sheet: BNTUER01-ASR9K does not have a common Route-Target for VRF: H_A_UP
Sheet: WPJUER01-ASR9K does not have a common Route-Target for VRF: H_A_UP
Sheet: SBUUER01-ASR9K does not have a common Route-Target for VRF: H_A_UP
Sheet: SDKUER01-ASR9K does not have a common Route-Target for VRF: H_A_UP
Sheet: KCHUER01-ASR9K does not have a common Route-Target for VRF: H_A_UP
Sheet: SKDUER01-ASR9K does not have a common Route-Target for VRF: H_A_UP
Sheet: SMBUER01-ASR9K does not have a common Route-Target for VRF: H_A_UP
Sheet: KBAUER01-ASR9K does not have a common Route-Target for VRF: H_A_UP
Sheet: SNWUER01-ASR9K does not have a common Route-Target for VRF: H_A_UP
Sheet: KMPUER01-ASR9K does not have a common Route-Target for VRF: H_A_UP
Sheet: IPHUER01-ASR9K does not have a common Route-Target for VRF: H_A_UP
Sheet: SJYUER01-ASR9K does not have a common Route-Target for VRF: H_A_UP
Sheet: ASRUER01-ASR9K does not have a common Route-Target for VRF: H_A_UP
Sheet: MRIUER01-ASR9K does not have a common Route-Target for VRF: H_A_UP
Sheet: INAUER01-ASR9K does not have a common Route-Target for VRF: H_A_UP
Sheet: TAWUER01-ASR9K does not have a common Route-Target for VRF: H_A_UP

VRF: H_IuCS_CP, Overall Most Common Route-Target: 65535:60060
Sheet: KRTUER01-ASR9K does not have a common Route-Target for VRF: H_IuCS_CP
Sheet: KPGUER01-ASR9K does not have a common Route-Target for VRF: H_IuCS_CP
Sheet: 60005-ALORSETAR-AGGA01, Most Common Route-Target: 65535:60060 (MATCH)
Sheet: 70030-KPG-AGGA01, Most Common Route-Target: 65535:60060 (MATCH)
Sheet: 70047-WPJ-AGGA01 does not have a common Route-Target for VRF: H_IuCS_CP
Sheet: 66013-IPOH-AGGA01, Most Common Route-Target: 65535:60060 (MATCH)
Sheet: 63009-SEBERANGJAYA-AGGA01, Most Common Route-Target: 65535:60060 (MATCH)
Sheet: 43146-SKUDAI-AGGA01, Most Common Route-Target: 65535:60060 (MATCH)
Sheet: 40012-MER-AGGA01, Most Common Route-Target: 65535:60060 (MATCH)
Sheet: 43165-KMP-AGGA01, Most Common Route-Target: 65535:60060 (MATCH)
Sheet: 56000-KBX-AGGA01 does not have a common Route-Target for VRF: H_IuCS_CP
Sheet: 50005-SMBU-AGGA01 does not have a common Route-Target for VRF: H_IuCS_CP
Sheet: BNTUER01-ASR9K does not have a common Route-Target for VRF: H_IuCS_CP
Sheet: WPJUER01-ASR9K does not have a common Route-Target for VRF: H_IuCS_CP
Sheet: SBUUER01-ASR9K does not have a common Route-Target for VRF: H_IuCS_CP
Sheet: SDKUER01-ASR9K does not have a common Route-Target for VRF: H_IuCS_CP
Sheet: KCHUER01-ASR9K does not have a common Route-Target for VRF: H_IuCS_CP
Sheet: SKDUER01-ASR9K does not have a common Route-Target for VRF: H_IuCS_CP
Sheet: SMBUER01-ASR9K does not have a common Route-Target for VRF: H_IuCS_CP
Sheet: KBAUER01-ASR9K does not have a common Route-Target for VRF: H_IuCS_CP
Sheet: SNWUER01-ASR9K does not have a common Route-Target for VRF: H_IuCS_CP
Sheet: KMPUER01-ASR9K does not have a common Route-Target for VRF: H_IuCS_CP
Sheet: IPHUER01-ASR9K does not have a common Route-Target for VRF: H_IuCS_CP
Sheet: SJYUER01-ASR9K does not have a common Route-Target for VRF: H_IuCS_CP
Sheet: ASRUER01-ASR9K does not have a common Route-Target for VRF: H_IuCS_CP
Sheet: MRIUER01-ASR9K does not have a common Route-Target for VRF: H_IuCS_CP
Sheet: INAUER01-ASR9K does not have a common Route-Target for VRF: H_IuCS_CP
Sheet: TAWUER01-ASR9K does not have a common Route-Target for VRF: H_IuCS_CP

VRF: H_IuoIP, Overall Most Common Route-Target: 65535:502
Sheet: KRTUER01-ASR9K does not have a common Route-Target for VRF: H_IuoIP
Sheet: KPGUER01-ASR9K does not have a common Route-Target for VRF: H_IuoIP
Sheet: 60005-ALORSETAR-AGGA01 does not have a common Route-Target for VRF: H_IuoIP
Sheet: 70030-KPG-AGGA01, Most Common Route-Target: 65535:502 (MATCH)
Sheet: 70047-WPJ-AGGA01 does not have a common Route-Target for VRF: H_IuoIP
Sheet: 66013-IPOH-AGGA01, Most Common Route-Target: 65535:502 (MATCH)
Sheet: 63009-SEBERANGJAYA-AGGA01 does not have a common Route-Target for VRF: H_IuoIP
Sheet: 43146-SKUDAI-AGGA01, Most Common Route-Target: 65535:502 (MATCH)
Sheet: 40012-MER-AGGA01 does not have a common Route-Target for VRF: H_IuoIP
Sheet: 43165-KMP-AGGA01 does not have a common Route-Target for VRF: H_IuoIP
Sheet: 56000-KBX-AGGA01 does not have a common Route-Target for VRF: H_IuoIP
Sheet: 50005-SMBU-AGGA01 does not have a common Route-Target for VRF: H_IuoIP
Sheet: BNTUER01-ASR9K does not have a common Route-Target for VRF: H_IuoIP
Sheet: WPJUER01-ASR9K does not have a common Route-Target for VRF: H_IuoIP
Sheet: SBUUER01-ASR9K does not have a common Route-Target for VRF: H_IuoIP
Sheet: SDKUER01-ASR9K does not have a common Route-Target for VRF: H_IuoIP
Sheet: KCHUER01-ASR9K does not have a common Route-Target for VRF: H_IuoIP
Sheet: SKDUER01-ASR9K does not have a common Route-Target for VRF: H_IuoIP
Sheet: SMBUER01-ASR9K does not have a common Route-Target for VRF: H_IuoIP
Sheet: KBAUER01-ASR9K does not have a common Route-Target for VRF: H_IuoIP
Sheet: SNWUER01-ASR9K does not have a common Route-Target for VRF: H_IuoIP
Sheet: KMPUER01-ASR9K does not have a common Route-Target for VRF: H_IuoIP
Sheet: IPHUER01-ASR9K does not have a common Route-Target for VRF: H_IuoIP
Sheet: SJYUER01-ASR9K does not have a common Route-Target for VRF: H_IuoIP
Sheet: ASRUER01-ASR9K does not have a common Route-Target for VRF: H_IuoIP
Sheet: MRIUER01-ASR9K does not have a common Route-Target for VRF: H_IuoIP
Sheet: INAUER01-ASR9K does not have a common Route-Target for VRF: H_IuoIP
Sheet: TAWUER01-ASR9K does not have a common Route-Target for VRF: H_IuoIP

VRF: MORAN_A_CP, Overall Most Common Route-Target: 65535:60902
Sheet: KRTUER01-ASR9K does not have a common Route-Target for VRF: MORAN_A_CP
Sheet: KPGUER01-ASR9K does not have a common Route-Target for VRF: MORAN_A_CP
Sheet: 60005-ALORSETAR-AGGA01 does not have a common Route-Target for VRF: MORAN_A_CP
Sheet: 70030-KPG-AGGA01 does not have a common Route-Target for VRF: MORAN_A_CP
Sheet: 70047-WPJ-AGGA01 does not have a common Route-Target for VRF: MORAN_A_CP
Sheet: 66013-IPOH-AGGA01 does not have a common Route-Target for VRF: MORAN_A_CP
Sheet: 63009-SEBERANGJAYA-AGGA01 does not have a common Route-Target for VRF: MORAN_A_CP
Sheet: 43146-SKUDAI-AGGA01 does not have a common Route-Target for VRF: MORAN_A_CP
Sheet: 40012-MER-AGGA01 does not have a common Route-Target for VRF: MORAN_A_CP
Sheet: 43165-KMP-AGGA01 does not have a common Route-Target for VRF: MORAN_A_CP
Sheet: 56000-KBX-AGGA01 does not have a common Route-Target for VRF: MORAN_A_CP
Sheet: 50005-SMBU-AGGA01 does not have a common Route-Target for VRF: MORAN_A_CP
Sheet: BNTUER01-ASR9K does not have a common Route-Target for VRF: MORAN_A_CP
Sheet: WPJUER01-ASR9K does not have a common Route-Target for VRF: MORAN_A_CP
Sheet: SBUUER01-ASR9K does not have a common Route-Target for VRF: MORAN_A_CP
Sheet: SDKUER01-ASR9K does not have a common Route-Target for VRF: MORAN_A_CP
Sheet: KCHUER01-ASR9K, Most Common Route-Target: 65535:60902 (MATCH)
Sheet: SKDUER01-ASR9K does not have a common Route-Target for VRF: MORAN_A_CP
Sheet: SMBUER01-ASR9K does not have a common Route-Target for VRF: MORAN_A_CP
Sheet: KBAUER01-ASR9K does not have a common Route-Target for VRF: MORAN_A_CP
Sheet: SNWUER01-ASR9K does not have a common Route-Target for VRF: MORAN_A_CP
Sheet: KMPUER01-ASR9K does not have a common Route-Target for VRF: MORAN_A_CP
Sheet: IPHUER01-ASR9K does not have a common Route-Target for VRF: MORAN_A_CP
Sheet: SJYUER01-ASR9K does not have a common Route-Target for VRF: MORAN_A_CP
Sheet: ASRUER01-ASR9K does not have a common Route-Target for VRF: MORAN_A_CP
Sheet: MRIUER01-ASR9K does not have a common Route-Target for VRF: MORAN_A_CP
Sheet: INAUER01-ASR9K, Most Common Route-Target: 65535:60902 (MATCH)
Sheet: TAWUER01-ASR9K does not have a common Route-Target for VRF: MORAN_A_CP

VRF: P1_Sigtran, Overall Most Common Route-Target: 65535:11250
Sheet: KRTUER01-ASR9K does not have a common Route-Target for VRF: P1_Sigtran
Sheet: KPGUER01-ASR9K, Most Common Route-Target: 65535:11250 (MATCH)
Sheet: 60005-ALORSETAR-AGGA01 does not have a common Route-Target for VRF: P1_Sigtran
Sheet: 70030-KPG-AGGA01 does not have a common Route-Target for VRF: P1_Sigtran
Sheet: 70047-WPJ-AGGA01 does not have a common Route-Target for VRF: P1_Sigtran
Sheet: 66013-IPOH-AGGA01 does not have a common Route-Target for VRF: P1_Sigtran
Sheet: 63009-SEBERANGJAYA-AGGA01 does not have a common Route-Target for VRF: P1_Sigtran
Sheet: 43146-SKUDAI-AGGA01 does not have a common Route-Target for VRF: P1_Sigtran
Sheet: 40012-MER-AGGA01 does not have a common Route-Target for VRF: P1_Sigtran
Sheet: 43165-KMP-AGGA01 does not have a common Route-Target for VRF: P1_Sigtran
Sheet: 56000-KBX-AGGA01 does not have a common Route-Target for VRF: P1_Sigtran
Sheet: 50005-SMBU-AGGA01 does not have a common Route-Target for VRF: P1_Sigtran
Sheet: BNTUER01-ASR9K does not have a common Route-Target for VRF: P1_Sigtran
Sheet: WPJUER01-ASR9K, Most Common Route-Target: 65535:11250 (MATCH)
Sheet: SBUUER01-ASR9K does not have a common Route-Target for VRF: P1_Sigtran
Sheet: SDKUER01-ASR9K does not have a common Route-Target for VRF: P1_Sigtran
Sheet: KCHUER01-ASR9K does not have a common Route-Target for VRF: P1_Sigtran
Sheet: SKDUER01-ASR9K does not have a common Route-Target for VRF: P1_Sigtran
Sheet: SMBUER01-ASR9K does not have a common Route-Target for VRF: P1_Sigtran
Sheet: KBAUER01-ASR9K does not have a common Route-Target for VRF: P1_Sigtran
Sheet: SNWUER01-ASR9K does not have a common Route-Target for VRF: P1_Sigtran
Sheet: KMPUER01-ASR9K does not have a common Route-Target for VRF: P1_Sigtran
Sheet: IPHUER01-ASR9K does not have a common Route-Target for VRF: P1_Sigtran
Sheet: SJYUER01-ASR9K does not have a common Route-Target for VRF: P1_Sigtran
Sheet: ASRUER01-ASR9K does not have a common Route-Target for VRF: P1_Sigtran
Sheet: MRIUER01-ASR9K does not have a common Route-Target for VRF: P1_Sigtran
Sheet: INAUER01-ASR9K does not have a common Route-Target for VRF: P1_Sigtran
Sheet: TAWUER01-ASR9K does not have a common Route-Target for VRF: P1_Sigtran

VRF: SIGTRAN, Overall Most Common Route-Target: 65535:11250
Sheet: KRTUER01-ASR9K, Most Common Route-Target: 65535:11250 (MATCH)
Sheet: KPGUER01-ASR9K, Most Common Route-Target: 65535:11250 (MATCH)
Sheet: 60005-ALORSETAR-AGGA01 does not have a common Route-Target for VRF: SIGTRAN
Sheet: 70030-KPG-AGGA01 does not have a common Route-Target for VRF: SIGTRAN
Sheet: 70047-WPJ-AGGA01 does not have a common Route-Target for VRF: SIGTRAN
Sheet: 66013-IPOH-AGGA01 does not have a common Route-Target for VRF: SIGTRAN
Sheet: 63009-SEBERANGJAYA-AGGA01 does not have a common Route-Target for VRF: SIGTRAN
Sheet: 43146-SKUDAI-AGGA01 does not have a common Route-Target for VRF: SIGTRAN
Sheet: 40012-MER-AGGA01 does not have a common Route-Target for VRF: SIGTRAN
Sheet: 43165-KMP-AGGA01 does not have a common Route-Target for VRF: SIGTRAN
Sheet: 56000-KBX-AGGA01 does not have a common Route-Target for VRF: SIGTRAN
Sheet: 50005-SMBU-AGGA01 does not have a common Route-Target for VRF: SIGTRAN
Sheet: BNTUER01-ASR9K does not have a common Route-Target for VRF: SIGTRAN
Sheet: WPJUER01-ASR9K, Most Common Route-Target: 65535:11250 (MATCH)
Sheet: SBUUER01-ASR9K does not have a common Route-Target for VRF: SIGTRAN
Sheet: SDKUER01-ASR9K does not have a common Route-Target for VRF: SIGTRAN
Sheet: KCHUER01-ASR9K, Most Common Route-Target: 65535:11250 (MATCH)
Sheet: SKDUER01-ASR9K, Most Common Route-Target: 65535:11250 (MATCH)
Sheet: SMBUER01-ASR9K, Most Common Route-Target: 65535:11250 (MATCH)
Sheet: KBAUER01-ASR9K, Most Common Route-Target: 65535:11250 (MATCH)
Sheet: SNWUER01-ASR9K does not have a common Route-Target for VRF: SIGTRAN
Sheet: KMPUER01-ASR9K does not have a common Route-Target for VRF: SIGTRAN
Sheet: IPHUER01-ASR9K does not have a common Route-Target for VRF: SIGTRAN
Sheet: SJYUER01-ASR9K, Most Common Route-Target: 65535:11250 (MATCH)
Sheet: ASRUER01-ASR9K, Most Common Route-Target: 65535:11250 (MATCH)
Sheet: MRIUER01-ASR9K, Most Common Route-Target: 65535:11250 (MATCH)
Sheet: INAUER01-ASR9K, Most Common Route-Target: 65535:11250 (MATCH)
Sheet: TAWUER01-ASR9K, Most Common Route-Target: 65535:11250 (MATCH)

VRF: maxis_A, Overall Most Common Route-Target: 65535:11050
Sheet: KRTUER01-ASR9K does not have a common Route-Target for VRF: maxis_A
Sheet: KPGUER01-ASR9K does not have a common Route-Target for VRF: maxis_A
Sheet: 60005-ALORSETAR-AGGA01 does not have a common Route-Target for VRF: maxis_A
Sheet: 70030-KPG-AGGA01 does not have a common Route-Target for VRF: maxis_A
Sheet: 70047-WPJ-AGGA01 does not have a common Route-Target for VRF: maxis_A
Sheet: 66013-IPOH-AGGA01 does not have a common Route-Target for VRF: maxis_A
Sheet: 63009-SEBERANGJAYA-AGGA01 does not have a common Route-Target for VRF: maxis_A
Sheet: 43146-SKUDAI-AGGA01 does not have a common Route-Target for VRF: maxis_A
Sheet: 40012-MER-AGGA01 does not have a common Route-Target for VRF: maxis_A
Sheet: 43165-KMP-AGGA01 does not have a common Route-Target for VRF: maxis_A
Sheet: 56000-KBX-AGGA01 does not have a common Route-Target for VRF: maxis_A
Sheet: 50005-SMBU-AGGA01 does not have a common Route-Target for VRF: maxis_A
Sheet: BNTUER01-ASR9K does not have a common Route-Target for VRF: maxis_A
Sheet: WPJUER01-ASR9K, Most Common Route-Target: 65535:11050 (MATCH)
Sheet: SBUUER01-ASR9K does not have a common Route-Target for VRF: maxis_A
Sheet: SDKUER01-ASR9K does not have a common Route-Target for VRF: maxis_A
Sheet: KCHUER01-ASR9K does not have a common Route-Target for VRF: maxis_A
Sheet: SKDUER01-ASR9K does not have a common Route-Target for VRF: maxis_A
Sheet: SMBUER01-ASR9K does not have a common Route-Target for VRF: maxis_A
Sheet: KBAUER01-ASR9K does not have a common Route-Target for VRF: maxis_A
Sheet: SNWUER01-ASR9K does not have a common Route-Target for VRF: maxis_A
Sheet: KMPUER01-ASR9K does not have a common Route-Target for VRF: maxis_A
Sheet: IPHUER01-ASR9K does not have a common Route-Target for VRF: maxis_A
Sheet: SJYUER01-ASR9K does not have a common Route-Target for VRF: maxis_A
Sheet: ASRUER01-ASR9K does not have a common Route-Target for VRF: maxis_A
Sheet: MRIUER01-ASR9K does not have a common Route-Target for VRF: maxis_A
Sheet: INAUER01-ASR9K does not have a common Route-Target for VRF: maxis_A
Sheet: TAWUER01-ASR9K does not have a common Route-Target for VRF: maxis_A

VRF: maxis_A_CP, Overall Most Common Route-Target: 65535:11050
Sheet: KRTUER01-ASR9K does not have a common Route-Target for VRF: maxis_A_CP
Sheet: KPGUER01-ASR9K does not have a common Route-Target for VRF: maxis_A_CP
Sheet: 60005-ALORSETAR-AGGA01 does not have a common Route-Target for VRF: maxis_A_CP
Sheet: 70030-KPG-AGGA01 does not have a common Route-Target for VRF: maxis_A_CP
Sheet: 70047-WPJ-AGGA01 does not have a common Route-Target for VRF: maxis_A_CP
Sheet: 66013-IPOH-AGGA01 does not have a common Route-Target for VRF: maxis_A_CP
Sheet: 63009-SEBERANGJAYA-AGGA01 does not have a common Route-Target for VRF: maxis_A_CP
Sheet: 43146-SKUDAI-AGGA01 does not have a common Route-Target for VRF: maxis_A_CP
Sheet: 40012-MER-AGGA01 does not have a common Route-Target for VRF: maxis_A_CP
Sheet: 43165-KMP-AGGA01 does not have a common Route-Target for VRF: maxis_A_CP
Sheet: 56000-KBX-AGGA01 does not have a common Route-Target for VRF: maxis_A_CP
Sheet: 50005-SMBU-AGGA01 does not have a common Route-Target for VRF: maxis_A_CP
Sheet: BNTUER01-ASR9K does not have a common Route-Target for VRF: maxis_A_CP
Sheet: WPJUER01-ASR9K, Most Common Route-Target: 65535:11050 (MATCH)
Sheet: SBUUER01-ASR9K does not have a common Route-Target for VRF: maxis_A_CP
Sheet: SDKUER01-ASR9K does not have a common Route-Target for VRF: maxis_A_CP
Sheet: KCHUER01-ASR9K does not have a common Route-Target for VRF: maxis_A_CP
Sheet: SKDUER01-ASR9K does not have a common Route-Target for VRF: maxis_A_CP
Sheet: SMBUER01-ASR9K does not have a common Route-Target for VRF: maxis_A_CP
Sheet: KBAUER01-ASR9K does not have a common Route-Target for VRF: maxis_A_CP
Sheet: SNWUER01-ASR9K does not have a common Route-Target for VRF: maxis_A_CP
Sheet: KMPUER01-ASR9K does not have a common Route-Target for VRF: maxis_A_CP
Sheet: IPHUER01-ASR9K does not have a common Route-Target for VRF: maxis_A_CP
Sheet: SJYUER01-ASR9K does not have a common Route-Target for VRF: maxis_A_CP
Sheet: ASRUER01-ASR9K does not have a common Route-Target for VRF: maxis_A_CP
Sheet: MRIUER01-ASR9K does not have a common Route-Target for VRF: maxis_A_CP
Sheet: INAUER01-ASR9K does not have a common Route-Target for VRF: maxis_A_CP
Sheet: TAWUER01-ASR9K does not have a common Route-Target for VRF: maxis_A_CP

VRF: maxis_IuCS_CP, Overall Most Common Route-Target: 65535:60062
Sheet: KRTUER01-ASR9K does not have a common Route-Target for VRF: maxis_IuCS_CP
Sheet: KPGUER01-ASR9K does not have a common Route-Target for VRF: maxis_IuCS_CP
Sheet: 60005-ALORSETAR-AGGA01 does not have a common Route-Target for VRF: maxis_IuCS_CP
Sheet: 70030-KPG-AGGA01 does not have a common Route-Target for VRF: maxis_IuCS_CP
Sheet: 70047-WPJ-AGGA01 does not have a common Route-Target for VRF: maxis_IuCS_CP
Sheet: 66013-IPOH-AGGA01 does not have a common Route-Target for VRF: maxis_IuCS_CP
Sheet: 63009-SEBERANGJAYA-AGGA01 does not have a common Route-Target for VRF: maxis_IuCS_CP
Sheet: 43146-SKUDAI-AGGA01 does not have a common Route-Target for VRF: maxis_IuCS_CP
Sheet: 40012-MER-AGGA01 does not have a common Route-Target for VRF: maxis_IuCS_CP
Sheet: 43165-KMP-AGGA01 does not have a common Route-Target for VRF: maxis_IuCS_CP
Sheet: 56000-KBX-AGGA01 does not have a common Route-Target for VRF: maxis_IuCS_CP
Sheet: 50005-SMBU-AGGA01 does not have a common Route-Target for VRF: maxis_IuCS_CP
Sheet: BNTUER01-ASR9K does not have a common Route-Target for VRF: maxis_IuCS_CP
Sheet: WPJUER01-ASR9K, Most Common Route-Target: 65535:60062 (MATCH)
Sheet: SBUUER01-ASR9K does not have a common Route-Target for VRF: maxis_IuCS_CP
Sheet: SDKUER01-ASR9K does not have a common Route-Target for VRF: maxis_IuCS_CP
Sheet: KCHUER01-ASR9K does not have a common Route-Target for VRF: maxis_IuCS_CP
Sheet: SKDUER01-ASR9K does not have a common Route-Target for VRF: maxis_IuCS_CP
Sheet: SMBUER01-ASR9K does not have a common Route-Target for VRF: maxis_IuCS_CP
Sheet: KBAUER01-ASR9K does not have a common Route-Target for VRF: maxis_IuCS_CP
Sheet: SNWUER01-ASR9K does not have a common Route-Target for VRF: maxis_IuCS_CP
Sheet: KMPUER01-ASR9K does not have a common Route-Target for VRF: maxis_IuCS_CP
Sheet: IPHUER01-ASR9K does not have a common Route-Target for VRF: maxis_IuCS_CP
Sheet: SJYUER01-ASR9K does not have a common Route-Target for VRF: maxis_IuCS_CP
Sheet: ASRUER01-ASR9K does not have a common Route-Target for VRF: maxis_IuCS_CP
Sheet: MRIUER01-ASR9K does not have a common Route-Target for VRF: maxis_IuCS_CP
Sheet: INAUER01-ASR9K does not have a common Route-Target for VRF: maxis_IuCS_CP
Sheet: TAWUER01-ASR9K does not have a common Route-Target for VRF: maxis_IuCS_CP

VRF: maxis_MC_ACP, Overall Most Common Route-Target: 65535:65880
Sheet: KRTUER01-ASR9K does not have a common Route-Target for VRF: maxis_MC_ACP
Sheet: KPGUER01-ASR9K, Most Common Route-Target: 65535:60902 (DIFFERENT)
Sheet: 60005-ALORSETAR-AGGA01 does not have a common Route-Target for VRF: maxis_MC_ACP
Sheet: 70030-KPG-AGGA01 does not have a common Route-Target for VRF: maxis_MC_ACP
Sheet: 70047-WPJ-AGGA01 does not have a common Route-Target for VRF: maxis_MC_ACP
Sheet: 66013-IPOH-AGGA01, Most Common Route-Target: 65123:65881 (DIFFERENT)
Sheet: 63009-SEBERANGJAYA-AGGA01, Most Common Route-Target: 65123:65881 (DIFFERENT)
Sheet: 43146-SKUDAI-AGGA01 does not have a common Route-Target for VRF: maxis_MC_ACP
Sheet: 40012-MER-AGGA01, Most Common Route-Target: 65103:65881 (DIFFERENT)
Sheet: 43165-KMP-AGGA01 does not have a common Route-Target for VRF: maxis_MC_ACP
Sheet: 56000-KBX-AGGA01 does not have a common Route-Target for VRF: maxis_MC_ACP
Sheet: 50005-SMBU-AGGA01 does not have a common Route-Target for VRF: maxis_MC_ACP
Sheet: BNTUER01-ASR9K does not have a common Route-Target for VRF: maxis_MC_ACP
Sheet: WPJUER01-ASR9K, Most Common Route-Target: 65535:60902 (DIFFERENT)
Sheet: SBUUER01-ASR9K does not have a common Route-Target for VRF: maxis_MC_ACP
Sheet: SDKUER01-ASR9K does not have a common Route-Target for VRF: maxis_MC_ACP
Sheet: KCHUER01-ASR9K, Most Common Route-Target: 65135:65882 (DIFFERENT)
Sheet: SKDUER01-ASR9K, Most Common Route-Target: 65103:65882 (DIFFERENT)
Sheet: SMBUER01-ASR9K, Most Common Route-Target: 65151:65882 (DIFFERENT)
Sheet: KBAUER01-ASR9K does not have a common Route-Target for VRF: maxis_MC_ACP
Sheet: SNWUER01-ASR9K does not have a common Route-Target for VRF: maxis_MC_ACP
Sheet: KMPUER01-ASR9K does not have a common Route-Target for VRF: maxis_MC_ACP
Sheet: IPHUER01-ASR9K does not have a common Route-Target for VRF: maxis_MC_ACP
Sheet: SJYUER01-ASR9K does not have a common Route-Target for VRF: maxis_MC_ACP
Sheet: ASRUER01-ASR9K does not have a common Route-Target for VRF: maxis_MC_ACP
Sheet: MRIUER01-ASR9K does not have a common Route-Target for VRF: maxis_MC_ACP
Sheet: INAUER01-ASR9K, Most Common Route-Target: 65143:65882 (DIFFERENT)
Sheet: TAWUER01-ASR9K does not have a common Route-Target for VRF: maxis_MC_ACP
